d:\c++projects\tutengine\tutengine\debug\vc142.pdb
d:\c++projects\tutengine\tutengine\debug\vc142.idb
d:\c++projects\tutengine\tutengine\debug\input.obj
d:\c++projects\tutengine\tutengine\debug\imgui_widgets.obj
d:\c++projects\tutengine\tutengine\debug\imgui_tables.obj
d:\c++projects\tutengine\tutengine\debug\imgui_impl_opengl3.obj
d:\c++projects\tutengine\tutengine\debug\imgui_impl_glfw.obj
d:\c++projects\tutengine\tutengine\debug\imgui_draw.obj
d:\c++projects\tutengine\tutengine\debug\imgui.obj
d:\c++projects\tutengine\tutengine\debug\hierarchytab.obj
d:\c++projects\tutengine\tutengine\debug\gameproject.obj
d:\c++projects\tutengine\tutengine\debug\freelookcamera.obj
d:\c++projects\tutengine\tutengine\debug\editortab.obj
d:\c++projects\tutengine\tutengine\debug\dragndropmanager.obj
d:\c++projects\tutengine\tutengine\debug\datadragndrop.obj
d:\c++projects\tutengine\tutengine\debug\componentfactory.obj
d:\c++projects\tutengine\tutengine\debug\component.obj
d:\c++projects\tutengine\tutengine\debug\camera.obj
d:\c++projects\tutengine\tutengine\debug\behaviortree.obj
d:\c++projects\tutengine\tutengine\debug\assetsdatabase.obj
d:\c++projects\tutengine\tutengine\debug\assetguifactory.obj
d:\c++projects\tutengine\tutengine\debug\asset.obj
d:\c++projects\tutengine\tutengine\debug\windowsole.obj
d:\c++projects\tutengine\tutengine\debug\uiitem.obj
d:\c++projects\tutengine\tutengine\debug\tutengine.obj
d:\c++projects\tutengine\tutengine\debug\transform.obj
d:\c++projects\tutengine\tutengine\debug\toolstab.obj
d:\c++projects\tutengine\tutengine\debug\texture.obj
d:\c++projects\tutengine\tutengine\debug\stageviewtab.obj
d:\c++projects\tutengine\tutengine\debug\stagerenderer.obj
d:\c++projects\tutengine\tutengine\debug\stageobject.obj
d:\c++projects\tutengine\tutengine\debug\stagecomponent.obj
d:\c++projects\tutengine\tutengine\debug\stage.obj
d:\c++projects\tutengine\tutengine\debug\shadernode.obj
d:\c++projects\tutengine\tutengine\debug\shadergenerator.obj
d:\c++projects\tutengine\tutengine\debug\propertiestab.obj
d:\c++projects\tutengine\tutengine\debug\projecttab.obj
d:\c++projects\tutengine\tutengine\debug\projectinit.obj
d:\c++projects\tutengine\tutengine\debug\object.obj
d:\c++projects\tutengine\tutengine\debug\nodeview.obj
d:\c++projects\tutengine\tutengine\debug\node.obj
d:\c++projects\tutengine\debug\tutengine.pdb
d:\c++projects\tutengine\tutengine\debug\tutengine.tlog\cl.command.1.tlog
d:\c++projects\tutengine\tutengine\debug\tutengine.tlog\cl.read.1.tlog
d:\c++projects\tutengine\tutengine\debug\tutengine.tlog\cl.write.1.tlog
d:\c++projects\tutengine\tutengine\debug\tutengine.tlog\link-cvtres.read.1.tlog
d:\c++projects\tutengine\tutengine\debug\tutengine.tlog\link-cvtres.write.1.tlog
d:\c++projects\tutengine\tutengine\debug\tutengine.tlog\link-rc.read.1.tlog
d:\c++projects\tutengine\tutengine\debug\tutengine.tlog\link-rc.write.1.tlog
d:\c++projects\tutengine\tutengine\debug\tutengine.tlog\link.command.1.tlog
d:\c++projects\tutengine\tutengine\debug\tutengine.tlog\link.read.1.tlog
d:\c++projects\tutengine\tutengine\debug\tutengine.tlog\link.write.1.tlog
